<?xml version="1.0" encoding="UTF-8"?>
<!-- Generated by org.testng.reporters.JUnitReportReporter -->
<testsuite skipped="0" hostname="BDC6-DX-9WVL882" name="Selenium.Demo1" tests="1" failures="0" timestamp="06 Nov 2018 06:23:51 GMT" time="31.875" errors="0">
  <testcase name="open" time="31.875" classname="Selenium.Demo1"/>
</testsuite> <!-- Selenium.Demo1 -->
